Android/MyAndroid/13.Two_3D_Shapes_texture/app/build/intermediates/manifest_merge_blame_file/debug/manifest-merger-blame-debug-report.txt
1<?xml version="1.0" encoding="utf-8"?>
2<manifest xmlns:android="http://schemas.android.com/apk/res/android"
3    package="com.example.texture" >
4
5    <uses-sdk
6        android:minSdkVersion="18"
6-->src\main\AndroidManifest.xml
7        android:targetSdkVersion="30" />
7-->src\main\AndroidManifest.xml
8
9    <application
9-->src\main\AndroidManifest.xml:5:5-17:19
10        android:appComponentFactory="androidx.core.app.CoreComponentFactory"
10-->[androidx.core:core:1.3.1] AndroidManifest.xml:24:18-86
11        android:debuggable="true"
12        android:icon="@mipmap/ic_launcher"
12-->src\main\AndroidManifest.xml:6:9-43
13        android:label="@string/app_name"
13-->src\main\AndroidManifest.xml:7:9-41
14        android:roundIcon="@mipmap/ic_launcher_round"
14-->src\main\AndroidManifest.xml:8:9-54
15        android:theme="@style/Theme.AppCompat" >
15-->src\main\AndroidManifest.xml:9:9-47
16        <activity android:name="com.example.texture.MainActivity" >
16-->src\main\AndroidManifest.xml:10:9-16:20
16-->src\main\AndroidManifest.xml:10:19-47
17            <intent-filter>
17-->src\main\AndroidManifest.xml:11:13-15:29
18                <action android:name="android.intent.action.MAIN" />
18-->src\main\AndroidManifest.xml:12:17-69
18-->src\main\AndroidManifest.xml:12:25-66
19
20                <category android:name="android.intent.category.LAUNCHER" />
20-->src\main\AndroidManifest.xml:14:17-77
20-->src\main\AndroidManifest.xml:14:27-74
21            </intent-filter>
22        </activity>
23    </application>
24
25</manifest>